<?xml version="1.0" encoding="UTF-8"?>
<testsuite xmlns:xsi="http://www.w3.org/2001/XMLSchema-instance" xsi:noNamespaceSchemaLocation="https://maven.apache.org/surefire/maven-surefire-plugin/xsd/surefire-test-report-3.0.xsd" version="3.0" name="org.stepdefinition.Testrunner" time="42.865" tests="7" errors="1" skipped="0" failures="0">
  <properties>
[...]
</properties>
  <testcase name="To validate login with valid username and Invalid password" classname="To validate the login functionality of facebook Application" time="6.454">
    <error message="Step [To pass valid username in email field] is defined with 1 parameters at &apos;org.stepdefinition.positiveandnegativeclass.to_pass_valid_username_in_email_field(String) in file:/D:/eclipse/eclipse-workspace/Worked/Worked/target/test-classes/&apos;.&#10;However, the gherkin step has 0 arguments.&#10;Step text: To pass valid username in email field" type="cucumber.runtime.CucumberException"><![CDATA[cucumber.runtime.CucumberException: 
Step [To pass valid username in email field] is defined with 1 parameters at 'org.stepdefinition.positiveandnegativeclass.to_pass_valid_username_in_email_field(String) in file:/D:/eclipse/eclipse-workspace/Worked/Worked/target/test-classes/'.
However, the gherkin step has 0 arguments.
Step text: To pass valid username in email field
	at cucumber.runner.PickleStepDefinitionMatch.arityMismatch(PickleStepDefinitionMatch.java:84)
	at cucumber.runner.PickleStepDefinitionMatch.runStep(PickleStepDefinitionMatch.java:36)
	at cucumber.runner.TestStep.executeStep(TestStep.java:63)
	at cucumber.runner.TestStep.run(TestStep.java:49)
	at cucumber.runner.PickleStepTestStep.run(PickleStepTestStep.java:43)
	at cucumber.runner.TestCase.run(TestCase.java:44)
	at cucumber.runner.Runner.runPickle(Runner.java:40)
	at cucumber.runtime.junit.PickleRunners$NoStepDescriptions.run(PickleRunners.java:146)
	at cucumber.runtime.junit.FeatureRunner.runChild(FeatureRunner.java:68)
	at cucumber.runtime.junit.FeatureRunner.runChild(FeatureRunner.java:23)
	at org.junit.runners.ParentRunner$3.run(ParentRunner.java:290)
	at org.junit.runners.ParentRunner$1.schedule(ParentRunner.java:71)
	at org.junit.runners.ParentRunner.runChildren(ParentRunner.java:288)
	at org.junit.runners.ParentRunner.access$000(ParentRunner.java:58)
	at org.junit.runners.ParentRunner$2.evaluate(ParentRunner.java:268)
	at org.junit.runners.ParentRunner.run(ParentRunner.java:363)
	at cucumber.runtime.junit.FeatureRunner.run(FeatureRunner.java:73)
	at cucumber.api.junit.Cucumber.runChild(Cucumber.java:124)
	at cucumber.api.junit.Cucumber.runChild(Cucumber.java:65)
	at org.junit.runners.ParentRunner$3.run(ParentRunner.java:290)
	at org.junit.runners.ParentRunner$1.schedule(ParentRunner.java:71)
	at org.junit.runners.ParentRunner.runChildren(ParentRunner.java:288)
	at org.junit.runners.ParentRunner.access$000(ParentRunner.java:58)
	at org.junit.runners.ParentRunner$2.evaluate(ParentRunner.java:268)
	at cucumber.api.junit.Cucumber$1.evaluate(Cucumber.java:133)
	at org.junit.runners.ParentRunner.run(ParentRunner.java:363)
	at org.apache.maven.surefire.junit4.JUnit4Provider.execute(JUnit4Provider.java:316)
	at org.apache.maven.surefire.junit4.JUnit4Provider.executeWithRerun(JUnit4Provider.java:240)
	at org.apache.maven.surefire.junit4.JUnit4Provider.executeTestSet(JUnit4Provider.java:214)
	at org.apache.maven.surefire.junit4.JUnit4Provider.invoke(JUnit4Provider.java:155)
	at org.apache.maven.surefire.booter.ForkedBooter.runSuitesInProcess(ForkedBooter.java:385)
	at org.apache.maven.surefire.booter.ForkedBooter.execute(ForkedBooter.java:162)
	at org.apache.maven.surefire.booter.ForkedBooter.run(ForkedBooter.java:507)
	at org.apache.maven.surefire.booter.ForkedBooter.main(ForkedBooter.java:495)
]]></error>
    <system-out><![CDATA[..F----]]></system-out>
    <system-err><![CDATA[SLF4J: No SLF4J providers were found.
SLF4J: Defaulting to no-operation (NOP) logger implementation
SLF4J: See https://www.slf4j.org/codes.html#noProviders for further details.
Starting Microsoft Edge WebDriver 122.0.2365.80 (bfff41c27eb2a14d912253b34105302b913913cf) on port 15953
To submit feedback, report a bug, or suggest new features, please visit https://github.com/MicrosoftEdge/EdgeWebDriver

Only local connections are allowed.
Please see https://aka.ms/WebDriverSecurity for suggestions on keeping Microsoft Edge WebDriver safe.

Microsoft Edge WebDriver was started successfully.
Mar 11, 2024 5:04:49 PM org.openqa.selenium.remote.ProtocolHandshake createSession
INFO: Detected dialect: W3C
]]></system-err>
  </testcase>
  <testcase name="To validate the positive and negative combination of login functionality" classname="To validate the login functionality of facebook Application" time="7.707">
    <system-out><![CDATA[......]]></system-out>
    <system-err><![CDATA[Starting Microsoft Edge WebDriver 122.0.2365.80 (bfff41c27eb2a14d912253b34105302b913913cf) on port 28427
To submit feedback, report a bug, or suggest new features, please visit https://github.com/MicrosoftEdge/EdgeWebDriver

Only local connections are allowed.
Please see https://aka.ms/WebDriverSecurity for suggestions on keeping Microsoft Edge WebDriver safe.

Microsoft Edge WebDriver was started successfully.
Mar 11, 2024 5:04:54 PM org.openqa.selenium.remote.ProtocolHandshake createSession
INFO: Detected dialect: W3C
]]></system-err>
  </testcase>
  <testcase name="To validate the positive and negative combination of login functionality" classname="To validate the login functionality of facebook Application" time="6.049">
    <system-out><![CDATA[......]]></system-out>
    <system-err><![CDATA[Starting Microsoft Edge WebDriver 122.0.2365.80 (bfff41c27eb2a14d912253b34105302b913913cf) on port 12492
To submit feedback, report a bug, or suggest new features, please visit https://github.com/MicrosoftEdge/EdgeWebDriver

Only local connections are allowed.
Please see https://aka.ms/WebDriverSecurity for suggestions on keeping Microsoft Edge WebDriver safe.

Microsoft Edge WebDriver was started successfully.
Mar 11, 2024 5:05:01 PM org.openqa.selenium.remote.ProtocolHandshake createSession
INFO: Detected dialect: W3C
]]></system-err>
  </testcase>
  <testcase name="To validate the positive and negative combination of login functionality" classname="To validate the login functionality of facebook Application" time="5.602">
    <system-out><![CDATA[......]]></system-out>
    <system-err><![CDATA[Starting Microsoft Edge WebDriver 122.0.2365.80 (bfff41c27eb2a14d912253b34105302b913913cf) on port 40298
To submit feedback, report a bug, or suggest new features, please visit https://github.com/MicrosoftEdge/EdgeWebDriver

Only local connections are allowed.
Please see https://aka.ms/WebDriverSecurity for suggestions on keeping Microsoft Edge WebDriver safe.

Microsoft Edge WebDriver was started successfully.
Mar 11, 2024 5:05:07 PM org.openqa.selenium.remote.ProtocolHandshake createSession
INFO: Detected dialect: W3C
]]></system-err>
  </testcase>
  <testcase name="To validate the positive and negative combination of login functionality" classname="To validate the login functionality of facebook Application" time="5.451">
    <system-out><![CDATA[......]]></system-out>
    <system-err><![CDATA[Starting Microsoft Edge WebDriver 122.0.2365.80 (bfff41c27eb2a14d912253b34105302b913913cf) on port 46714
To submit feedback, report a bug, or suggest new features, please visit https://github.com/MicrosoftEdge/EdgeWebDriver

Only local connections are allowed.
Please see https://aka.ms/WebDriverSecurity for suggestions on keeping Microsoft Edge WebDriver safe.

Microsoft Edge WebDriver was started successfully.
Mar 11, 2024 5:05:13 PM org.openqa.selenium.remote.ProtocolHandshake createSession
INFO: Detected dialect: W3C
]]></system-err>
  </testcase>
  <testcase name="To validate the positive and negative combination of login functionality" classname="To validate the login functionality of facebook Application" time="5.568">
    <system-out><![CDATA[......]]></system-out>
    <system-err><![CDATA[Starting Microsoft Edge WebDriver 122.0.2365.80 (bfff41c27eb2a14d912253b34105302b913913cf) on port 42867
To submit feedback, report a bug, or suggest new features, please visit https://github.com/MicrosoftEdge/EdgeWebDriver

Only local connections are allowed.
Please see https://aka.ms/WebDriverSecurity for suggestions on keeping Microsoft Edge WebDriver safe.

Microsoft Edge WebDriver was started successfully.
Mar 11, 2024 5:05:18 PM org.openqa.selenium.remote.ProtocolHandshake createSession
INFO: Detected dialect: W3C
]]></system-err>
  </testcase>
  <testcase name="To validate the positive and negative combination of login functionality" classname="To validate the login functionality of facebook Application" time="5.393">
    <system-out><![CDATA[......]]></system-out>
    <system-err><![CDATA[Starting Microsoft Edge WebDriver 122.0.2365.80 (bfff41c27eb2a14d912253b34105302b913913cf) on port 14125
To submit feedback, report a bug, or suggest new features, please visit https://github.com/MicrosoftEdge/EdgeWebDriver

Only local connections are allowed.
Please see https://aka.ms/WebDriverSecurity for suggestions on keeping Microsoft Edge WebDriver safe.

Microsoft Edge WebDriver was started successfully.
Mar 11, 2024 5:05:24 PM org.openqa.selenium.remote.ProtocolHandshake createSession
INFO: Detected dialect: W3C
]]></system-err>
  </testcase>
</testsuite>